<?xml version="1.0" encoding="UTF-8"?>
<!-- Generated by org.testng.reporters.JUnitReportReporter -->
<testsuite skipped="0" hostname="MacBook-Pro-2.local" name="com.testScripts.TestScripts" tests="5" failures="0" timestamp="03 May 2020 01:40:24 GMT" time="16.362" errors="0">
  <testcase name="test2" time="3.078" classname="com.testScripts.TestScripts"/>
  <testcase name="test4" time="3.467" classname="com.testScripts.TestScripts"/>
  <testcase name="test3" time="4.142" classname="com.testScripts.TestScripts"/>
  <testcase name="test5" time="2.614" classname="com.testScripts.TestScripts"/>
  <testcase name="test" time="3.061" classname="com.testScripts.TestScripts"/>
</testsuite> <!-- com.testScripts.TestScripts -->
