<?xml version="1.0" encoding="UTF-8"?>
<!-- Generated by org.testng.reporters.JUnitReportReporter -->
<testsuite skipped="0" hostname="MacBook-Pro-2.local" name="com.testScripts.TestScripts" tests="5" failures="0" timestamp="03 May 2020 02:24:39 GMT" time="16.558" errors="0">
  <testcase name="test2" time="2.725" classname="com.testScripts.TestScripts"/>
  <testcase name="test4" time="3.477" classname="com.testScripts.TestScripts"/>
  <testcase name="test3" time="4.681" classname="com.testScripts.TestScripts"/>
  <testcase name="test5" time="2.707" classname="com.testScripts.TestScripts"/>
  <testcase name="test" time="2.968" classname="com.testScripts.TestScripts"/>
</testsuite> <!-- com.testScripts.TestScripts -->
